mode: atomic
github.com/grindlemire/graft/analyze.go:40.42,42.2 1 30
github.com/grindlemire/graft/analyze.go:48.41,49.20 1 7
github.com/grindlemire/graft/analyze.go:49.20,51.3 1 1
github.com/grindlemire/graft/analyze.go:53.2,54.27 2 6
github.com/grindlemire/graft/analyze.go:54.27,56.3 1 4
github.com/grindlemire/graft/analyze.go:57.2,57.23 1 6
github.com/grindlemire/graft/analyze.go:57.23,59.3 1 3
github.com/grindlemire/graft/analyze.go:60.2,60.80 1 6
github.com/grindlemire/graft/analyze.go:83.55,86.81 2 9
github.com/grindlemire/graft/analyze.go:86.81,87.17 1 19
github.com/grindlemire/graft/analyze.go:87.17,89.4 1 1
github.com/grindlemire/graft/analyze.go:90.3,90.93 1 18
github.com/grindlemire/graft/analyze.go:90.93,92.4 1 9
github.com/grindlemire/graft/analyze.go:94.3,95.17 2 9
github.com/grindlemire/graft/analyze.go:95.17,97.4 1 0
github.com/grindlemire/graft/analyze.go:98.3,99.13 2 9
github.com/grindlemire/graft/analyze.go:102.2,102.21 1 9
github.com/grindlemire/graft/analyze.go:114.57,117.16 3 16
github.com/grindlemire/graft/analyze.go:117.16,119.3 1 0
github.com/grindlemire/graft/analyze.go:121.2,129.30 3 16
github.com/grindlemire/graft/analyze.go:141.54,142.14 1 1842
github.com/grindlemire/graft/analyze.go:142.14,144.3 1 921
github.com/grindlemire/graft/analyze.go:147.2,148.9 2 921
github.com/grindlemire/graft/analyze.go:148.9,150.3 1 894
github.com/grindlemire/graft/analyze.go:152.2,152.25 1 27
github.com/grindlemire/graft/analyze.go:152.25,154.3 1 11
github.com/grindlemire/graft/analyze.go:156.2,157.19 2 16
github.com/grindlemire/graft/analyze.go:157.19,159.3 1 16
github.com/grindlemire/graft/analyze.go:161.2,161.10 1 16
github.com/grindlemire/graft/analyze.go:166.64,167.31 1 27
github.com/grindlemire/graft/analyze.go:168.18,170.26 1 0
github.com/grindlemire/graft/analyze.go:171.25,173.40 1 0
github.com/grindlemire/graft/analyze.go:173.40,175.4 1 0
github.com/grindlemire/graft/analyze.go:176.22,178.28 1 16
github.com/grindlemire/graft/analyze.go:179.26,181.28 1 0
github.com/grindlemire/graft/analyze.go:183.2,183.14 1 11
github.com/grindlemire/graft/analyze.go:187.56,188.26 1 16
github.com/grindlemire/graft/analyze.go:189.18,190.26 1 1
github.com/grindlemire/graft/analyze.go:191.25,192.40 1 15
github.com/grindlemire/graft/analyze.go:192.40,194.4 1 15
github.com/grindlemire/graft/analyze.go:196.2,196.14 1 0
github.com/grindlemire/graft/analyze.go:200.83,208.32 3 16
github.com/grindlemire/graft/analyze.go:208.32,210.10 2 43
github.com/grindlemire/graft/analyze.go:210.10,211.12 1 0
github.com/grindlemire/graft/analyze.go:214.3,215.10 2 43
github.com/grindlemire/graft/analyze.go:215.10,216.12 1 0
github.com/grindlemire/graft/analyze.go:219.3,219.19 1 43
github.com/grindlemire/graft/analyze.go:220.13,221.75 1 16
github.com/grindlemire/graft/analyze.go:221.75,223.5 1 16
github.com/grindlemire/graft/analyze.go:224.20,225.33 1 11
github.com/grindlemire/graft/analyze.go:226.14,227.26 1 16
github.com/grindlemire/graft/analyze.go:231.2,231.18 1 16
github.com/grindlemire/graft/analyze.go:231.18,233.3 1 0
github.com/grindlemire/graft/analyze.go:236.2,241.35 2 16
github.com/grindlemire/graft/analyze.go:241.35,243.3 1 11
github.com/grindlemire/graft/analyze.go:244.2,244.31 1 16
github.com/grindlemire/graft/analyze.go:244.31,246.3 1 12
github.com/grindlemire/graft/analyze.go:249.2,249.31 1 16
github.com/grindlemire/graft/analyze.go:249.31,250.28 1 12
github.com/grindlemire/graft/analyze.go:250.28,252.4 1 3
github.com/grindlemire/graft/analyze.go:256.2,256.35 1 16
github.com/grindlemire/graft/analyze.go:256.35,257.24 1 11
github.com/grindlemire/graft/analyze.go:257.24,259.4 1 2
github.com/grindlemire/graft/analyze.go:262.2,262.15 1 16
github.com/grindlemire/graft/analyze.go:274.54,275.14 1 908
github.com/grindlemire/graft/analyze.go:275.14,277.3 1 454
github.com/grindlemire/graft/analyze.go:278.2,279.10 2 454
github.com/grindlemire/graft/analyze.go:285.53,286.23 1 11
github.com/grindlemire/graft/analyze.go:287.25,289.30 1 11
github.com/grindlemire/graft/analyze.go:289.30,291.70 1 11
github.com/grindlemire/graft/analyze.go:291.70,294.13 3 1
github.com/grindlemire/graft/analyze.go:297.4,297.46 1 10
github.com/grindlemire/graft/analyze.go:297.46,298.47 1 10
github.com/grindlemire/graft/analyze.go:298.47,300.6 1 10
github.com/grindlemire/graft/analyze.go:301.5,301.13 1 10
github.com/grindlemire/graft/analyze.go:304.4,304.41 1 0
github.com/grindlemire/graft/analyze.go:304.41,306.5 1 0
github.com/grindlemire/graft/analyze.go:308.21,310.30 1 0
github.com/grindlemire/graft/analyze.go:310.30,312.4 1 0
github.com/grindlemire/graft/analyze.go:319.49,321.9 2 454
github.com/grindlemire/graft/analyze.go:321.9,323.3 1 430
github.com/grindlemire/graft/analyze.go:326.2,328.31 2 24
github.com/grindlemire/graft/analyze.go:329.22,331.27 1 12
github.com/grindlemire/graft/analyze.go:332.19,333.23 1 1
github.com/grindlemire/graft/analyze.go:333.23,335.5 1 1
github.com/grindlemire/graft/analyze.go:336.26,337.27 1 11
github.com/grindlemire/graft/analyze.go:337.27,339.5 1 11
github.com/grindlemire/graft/analyze.go:341.26,343.27 1 0
github.com/grindlemire/graft/analyze.go:344.19,345.46 1 0
github.com/grindlemire/graft/analyze.go:345.46,347.5 1 0
github.com/grindlemire/graft/analyze.go:348.26,349.50 1 0
github.com/grindlemire/graft/analyze.go:349.50,351.5 1 0
github.com/grindlemire/graft/analyze.go:355.2,355.21 1 24
github.com/grindlemire/graft/analyze.go:355.21,357.3 1 12
github.com/grindlemire/graft/analyze.go:361.2,361.49 1 12
github.com/grindlemire/graft/analyze.go:361.49,362.45 1 12
github.com/grindlemire/graft/analyze.go:362.45,364.4 1 12
github.com/grindlemire/graft/analyze.go:367.2,367.44 1 12
github.com/grindlemire/graft/analyze.go:367.44,369.3 1 0
github.com/grindlemire/graft/analyze.go:383.37,385.16 2 2
github.com/grindlemire/graft/analyze.go:385.16,387.3 1 0
github.com/grindlemire/graft/analyze.go:389.2,390.28 2 2
github.com/grindlemire/graft/analyze.go:390.28,391.20 1 2
github.com/grindlemire/graft/analyze.go:391.20,393.4 1 1
github.com/grindlemire/graft/analyze.go:396.2,396.21 1 2
github.com/grindlemire/graft/analyze.go:396.21,398.3 1 1
github.com/grindlemire/graft/analyze.go:400.2,400.12 1 1
github.com/grindlemire/graft/cache.go:15.34,17.2 1 1
github.com/grindlemire/graft/cache.go:40.36,42.2 1 8
github.com/grindlemire/graft/cache.go:45.72,50.2 4 19
github.com/grindlemire/graft/cache.go:53.70,58.2 4 12
github.com/grindlemire/graft/cache.go:61.41,64.25 3 2
github.com/grindlemire/graft/cache.go:64.25,66.3 1 2
github.com/grindlemire/graft/cache.go:70.31,74.2 3 13
github.com/grindlemire/graft/cache.go:77.45,81.28 4 1
github.com/grindlemire/graft/cache.go:81.28,83.3 1 0
github.com/grindlemire/graft/cache.go:84.2,84.11 1 1
github.com/grindlemire/graft/cache.go:89.26,91.2 1 12
github.com/grindlemire/graft/engine.go:23.48,24.25 1 35
github.com/grindlemire/graft/engine.go:24.25,26.3 1 35
github.com/grindlemire/graft/engine.go:39.49,40.25 1 1
github.com/grindlemire/graft/engine.go:40.25,42.31 2 1
github.com/grindlemire/graft/engine.go:42.31,44.4 1 1
github.com/grindlemire/graft/engine.go:45.3,45.22 1 1
github.com/grindlemire/graft/engine.go:61.36,62.25 1 4
github.com/grindlemire/graft/engine.go:62.25,64.3 1 4
github.com/grindlemire/graft/engine.go:81.36,82.27 1 1
github.com/grindlemire/graft/engine.go:82.27,83.32 1 1
github.com/grindlemire/graft/engine.go:83.32,85.4 1 1
github.com/grindlemire/graft/engine.go:86.3,86.26 1 1
github.com/grindlemire/graft/engine.go:86.26,88.4 1 1
github.com/grindlemire/graft/engine.go:98.28,99.27 1 2
github.com/grindlemire/graft/engine.go:99.27,101.3 1 2
github.com/grindlemire/graft/engine.go:125.71,127.27 2 27
github.com/grindlemire/graft/engine.go:127.27,129.3 1 31
github.com/grindlemire/graft/engine.go:131.2,132.40 2 27
github.com/grindlemire/graft/engine.go:132.40,134.3 1 8
github.com/grindlemire/graft/engine.go:135.2,135.28 1 19
github.com/grindlemire/graft/engine.go:154.81,158.9 3 3
github.com/grindlemire/graft/engine.go:158.9,160.3 1 1
github.com/grindlemire/graft/engine.go:162.2,163.16 2 2
github.com/grindlemire/graft/engine.go:163.16,165.3 1 0
github.com/grindlemire/graft/engine.go:167.2,168.16 2 2
github.com/grindlemire/graft/engine.go:168.16,170.3 1 0
github.com/grindlemire/graft/engine.go:172.2,172.29 1 2
github.com/grindlemire/graft/engine.go:177.91,179.27 2 14
github.com/grindlemire/graft/engine.go:179.27,181.3 1 12
github.com/grindlemire/graft/engine.go:183.2,184.16 2 14
github.com/grindlemire/graft/engine.go:184.16,186.3 1 2
github.com/grindlemire/graft/engine.go:188.2,189.40 2 12
github.com/grindlemire/graft/engine.go:189.40,191.3 1 0
github.com/grindlemire/graft/engine.go:192.2,192.28 1 12
github.com/grindlemire/graft/engine.go:196.79,200.30 3 14
github.com/grindlemire/graft/engine.go:200.30,201.40 1 34
github.com/grindlemire/graft/engine.go:201.40,203.4 1 5
github.com/grindlemire/graft/engine.go:205.3,206.10 2 29
github.com/grindlemire/graft/engine.go:206.10,208.4 1 2
github.com/grindlemire/graft/engine.go:210.3,212.35 2 27
github.com/grindlemire/graft/engine.go:212.35,213.39 1 16
github.com/grindlemire/graft/engine.go:213.39,215.5 1 0
github.com/grindlemire/graft/engine.go:217.3,217.13 1 27
github.com/grindlemire/graft/engine.go:220.2,220.29 1 14
github.com/grindlemire/graft/engine.go:220.29,221.37 1 18
github.com/grindlemire/graft/engine.go:221.37,223.4 1 2
github.com/grindlemire/graft/engine.go:226.2,226.20 1 12
github.com/grindlemire/graft/engine.go:238.56,245.2 1 49
github.com/grindlemire/graft/engine.go:247.49,249.16 2 49
github.com/grindlemire/graft/engine.go:249.16,251.3 1 5
github.com/grindlemire/graft/engine.go:253.2,253.31 1 44
github.com/grindlemire/graft/engine.go:253.31,254.35 1 62
github.com/grindlemire/graft/engine.go:254.35,256.4 1 2
github.com/grindlemire/graft/engine.go:258.3,258.48 1 60
github.com/grindlemire/graft/engine.go:258.48,260.4 1 1
github.com/grindlemire/graft/engine.go:263.2,263.12 1 41
github.com/grindlemire/graft/engine.go:266.66,270.27 3 60
github.com/grindlemire/graft/engine.go:270.27,272.22 2 69
github.com/grindlemire/graft/engine.go:272.22,279.16 4 69
github.com/grindlemire/graft/engine.go:279.16,280.64 1 10
github.com/grindlemire/graft/engine.go:280.64,283.6 2 0
github.com/grindlemire/graft/engine.go:283.11,283.21 1 10
github.com/grindlemire/graft/engine.go:283.21,288.6 4 4
github.com/grindlemire/graft/engine.go:292.4,298.18 5 65
github.com/grindlemire/graft/engine.go:298.18,301.5 2 1
github.com/grindlemire/graft/engine.go:304.4,304.16 1 64
github.com/grindlemire/graft/engine.go:304.16,305.60 1 6
github.com/grindlemire/graft/engine.go:305.60,308.6 2 0
github.com/grindlemire/graft/engine.go:312.4,314.17 3 64
github.com/grindlemire/graft/engine.go:318.2,322.32 3 60
github.com/grindlemire/graft/engine.go:322.32,324.3 1 1
github.com/grindlemire/graft/engine.go:326.2,326.12 1 59
github.com/grindlemire/graft/engine.go:329.40,331.30 2 65
github.com/grindlemire/graft/engine.go:331.30,333.3 1 42
github.com/grindlemire/graft/engine.go:334.2,334.11 1 65
github.com/grindlemire/graft/engine.go:338.51,340.26 2 49
github.com/grindlemire/graft/engine.go:340.26,342.3 1 79
github.com/grindlemire/graft/engine.go:344.2,344.28 1 49
github.com/grindlemire/graft/engine.go:344.28,345.35 1 79
github.com/grindlemire/graft/engine.go:345.35,346.42 1 36
github.com/grindlemire/graft/engine.go:346.42,348.5 1 2
github.com/grindlemire/graft/engine.go:350.3,350.36 1 77
github.com/grindlemire/graft/engine.go:353.2,354.28 2 47
github.com/grindlemire/graft/engine.go:354.28,355.35 1 77
github.com/grindlemire/graft/engine.go:355.35,357.4 1 34
github.com/grindlemire/graft/engine.go:360.2,361.35 2 47
github.com/grindlemire/graft/engine.go:361.35,362.18 1 77
github.com/grindlemire/graft/engine.go:362.18,364.4 1 46
github.com/grindlemire/graft/engine.go:367.2,370.28 3 47
github.com/grindlemire/graft/engine.go:370.28,375.35 4 62
github.com/grindlemire/graft/engine.go:375.35,376.45 1 71
github.com/grindlemire/graft/engine.go:376.45,378.33 2 28
github.com/grindlemire/graft/engine.go:378.33,380.6 1 25
github.com/grindlemire/graft/engine.go:383.3,383.27 1 62
github.com/grindlemire/graft/engine.go:386.2,386.31 1 47
github.com/grindlemire/graft/engine.go:386.31,388.3 1 3
github.com/grindlemire/graft/engine.go:390.2,390.20 1 44
github.com/grindlemire/graft/graft.go:131.66,133.2 1 78
github.com/grindlemire/graft/graft.go:136.54,139.2 2 30
github.com/grindlemire/graft/graft.go:162.49,166.9 3 7
github.com/grindlemire/graft/graft.go:166.9,168.3 1 1
github.com/grindlemire/graft/graft.go:170.2,171.9 2 6
github.com/grindlemire/graft/graft.go:171.9,173.3 1 1
github.com/grindlemire/graft/graft.go:175.2,176.9 2 5
github.com/grindlemire/graft/graft.go:176.9,178.3 1 1
github.com/grindlemire/graft/graft.go:180.2,181.9 2 4
github.com/grindlemire/graft/graft.go:181.9,183.3 1 1
github.com/grindlemire/graft/graft.go:185.2,185.19 1 3
github.com/grindlemire/graft/graft.go:203.42,207.9 3 7
github.com/grindlemire/graft/graft.go:207.9,209.3 1 1
github.com/grindlemire/graft/graft.go:211.2,212.9 2 6
github.com/grindlemire/graft/graft.go:212.9,214.3 1 1
github.com/grindlemire/graft/graft.go:216.2,217.9 2 5
github.com/grindlemire/graft/graft.go:217.9,219.3 1 1
github.com/grindlemire/graft/graft.go:221.2,221.19 1 4
github.com/grindlemire/graft/graft.go:226.64,230.9 3 20
github.com/grindlemire/graft/graft.go:230.9,232.3 1 1
github.com/grindlemire/graft/graft.go:234.2,235.9 2 19
github.com/grindlemire/graft/graft.go:235.9,237.3 1 1
github.com/grindlemire/graft/graft.go:239.2,240.9 2 18
github.com/grindlemire/graft/graft.go:240.9,242.3 1 1
github.com/grindlemire/graft/graft.go:244.2,244.19 1 17
github.com/grindlemire/graft/registry.go:48.33,49.41 1 21
github.com/grindlemire/graft/registry.go:49.41,50.63 1 1
github.com/grindlemire/graft/registry.go:54.2,57.47 1 20
github.com/grindlemire/graft/registry.go:57.47,59.4 1 7
github.com/grindlemire/graft/registry.go:64.2,64.28 1 20
github.com/grindlemire/graft/registry.go:76.29,78.29 2 1046
github.com/grindlemire/graft/registry.go:78.29,80.3 1 26
github.com/grindlemire/graft/registry.go:81.2,81.11 1 1046
github.com/grindlemire/graft/registry.go:86.22,87.26 1 17
github.com/grindlemire/graft/registry.go:87.26,89.3 1 20
github.com/grindlemire/graft/registry.go:90.2,90.26 1 17
github.com/grindlemire/graft/registry.go:90.26,92.3 1 19
github.com/grindlemire/graft/testing.go:32.48,36.16 3 4
github.com/grindlemire/graft/testing.go:36.16,38.3 1 1
github.com/grindlemire/graft/testing.go:40.2,41.28 2 4
github.com/grindlemire/graft/testing.go:41.28,42.21 1 3
github.com/grindlemire/graft/testing.go:42.21,43.12 1 1
github.com/grindlemire/graft/testing.go:46.3,50.28 3 2
github.com/grindlemire/graft/testing.go:50.28,51.37 1 1
github.com/grindlemire/graft/testing.go:51.37,53.5 1 1
github.com/grindlemire/graft/testing.go:55.3,55.24 1 2
github.com/grindlemire/graft/testing.go:55.24,56.33 1 1
github.com/grindlemire/graft/testing.go:56.33,58.5 1 1
github.com/grindlemire/graft/testing.go:62.2,62.33 1 4
github.com/grindlemire/graft/testing.go:62.33,64.3 1 1
github.com/grindlemire/graft/testing.go:83.59,85.2 1 1
