mode: set
github.com/grindlemire/graft/analyze.go:42.42,44.2 1 1
github.com/grindlemire/graft/analyze.go:50.41,51.20 1 1
github.com/grindlemire/graft/analyze.go:51.20,53.3 1 1
github.com/grindlemire/graft/analyze.go:55.2,56.27 2 1
github.com/grindlemire/graft/analyze.go:56.27,58.3 1 1
github.com/grindlemire/graft/analyze.go:59.2,59.23 1 1
github.com/grindlemire/graft/analyze.go:59.23,61.3 1 1
github.com/grindlemire/graft/analyze.go:62.2,62.23 1 1
github.com/grindlemire/graft/analyze.go:62.23,64.34 2 1
github.com/grindlemire/graft/analyze.go:64.34,66.4 1 1
github.com/grindlemire/graft/analyze.go:67.3,67.84 1 1
github.com/grindlemire/graft/analyze.go:69.2,69.80 1 1
github.com/grindlemire/graft/analyze.go:103.57,110.2 3 1
github.com/grindlemire/graft/analyze.go:123.37,125.16 2 1
github.com/grindlemire/graft/analyze.go:125.16,127.3 1 1
github.com/grindlemire/graft/analyze.go:129.2,130.28 2 1
github.com/grindlemire/graft/analyze.go:130.28,131.20 1 1
github.com/grindlemire/graft/analyze.go:131.20,133.4 1 1
github.com/grindlemire/graft/analyze.go:136.2,136.21 1 1
github.com/grindlemire/graft/analyze.go:136.21,138.3 1 1
github.com/grindlemire/graft/analyze.go:140.2,140.12 1 1
github.com/grindlemire/graft/cache.go:15.34,17.2 1 1
github.com/grindlemire/graft/cache.go:40.36,42.2 1 1
github.com/grindlemire/graft/cache.go:45.72,50.2 4 1
github.com/grindlemire/graft/cache.go:53.70,58.2 4 1
github.com/grindlemire/graft/cache.go:61.41,64.25 3 1
github.com/grindlemire/graft/cache.go:64.25,66.3 1 1
github.com/grindlemire/graft/cache.go:70.31,74.2 3 1
github.com/grindlemire/graft/cache.go:77.45,81.28 4 1
github.com/grindlemire/graft/cache.go:81.28,83.3 1 0
github.com/grindlemire/graft/cache.go:84.2,84.11 1 1
github.com/grindlemire/graft/cache.go:89.26,91.2 1 1
github.com/grindlemire/graft/engine.go:23.48,24.25 1 1
github.com/grindlemire/graft/engine.go:24.25,26.3 1 1
github.com/grindlemire/graft/engine.go:39.49,40.25 1 1
github.com/grindlemire/graft/engine.go:40.25,42.31 2 1
github.com/grindlemire/graft/engine.go:42.31,44.4 1 1
github.com/grindlemire/graft/engine.go:45.3,45.22 1 1
github.com/grindlemire/graft/engine.go:61.36,62.25 1 1
github.com/grindlemire/graft/engine.go:62.25,64.3 1 1
github.com/grindlemire/graft/engine.go:81.36,82.27 1 1
github.com/grindlemire/graft/engine.go:82.27,83.32 1 1
github.com/grindlemire/graft/engine.go:83.32,85.4 1 1
github.com/grindlemire/graft/engine.go:86.3,86.26 1 1
github.com/grindlemire/graft/engine.go:86.26,88.4 1 1
github.com/grindlemire/graft/engine.go:98.28,99.27 1 1
github.com/grindlemire/graft/engine.go:99.27,101.3 1 1
github.com/grindlemire/graft/engine.go:118.40,119.25 1 1
github.com/grindlemire/graft/engine.go:119.25,121.10 2 1
github.com/grindlemire/graft/engine.go:121.10,123.4 1 0
github.com/grindlemire/graft/engine.go:124.3,124.24 1 1
github.com/grindlemire/graft/engine.go:124.24,126.4 1 0
github.com/grindlemire/graft/engine.go:127.3,130.54 1 1
github.com/grindlemire/graft/engine.go:130.54,130.75 1 1
github.com/grindlemire/graft/engine.go:155.37,156.25 1 1
github.com/grindlemire/graft/engine.go:156.25,158.10 2 1
github.com/grindlemire/graft/engine.go:158.10,160.4 1 0
github.com/grindlemire/graft/engine.go:161.3,161.24 1 1
github.com/grindlemire/graft/engine.go:161.24,163.4 1 0
github.com/grindlemire/graft/engine.go:164.3,167.54 1 1
github.com/grindlemire/graft/engine.go:167.54,167.75 1 1
github.com/grindlemire/graft/engine.go:196.71,198.27 2 1
github.com/grindlemire/graft/engine.go:198.27,200.3 1 1
github.com/grindlemire/graft/engine.go:202.2,203.40 2 1
github.com/grindlemire/graft/engine.go:203.40,205.3 1 1
github.com/grindlemire/graft/engine.go:206.2,206.28 1 1
github.com/grindlemire/graft/engine.go:225.81,229.9 3 1
github.com/grindlemire/graft/engine.go:229.9,231.3 1 1
github.com/grindlemire/graft/engine.go:233.2,234.16 2 1
github.com/grindlemire/graft/engine.go:234.16,236.3 1 0
github.com/grindlemire/graft/engine.go:238.2,239.16 2 1
github.com/grindlemire/graft/engine.go:239.16,241.3 1 0
github.com/grindlemire/graft/engine.go:243.2,243.29 1 1
github.com/grindlemire/graft/engine.go:248.91,250.27 2 1
github.com/grindlemire/graft/engine.go:250.27,252.3 1 1
github.com/grindlemire/graft/engine.go:254.2,255.16 2 1
github.com/grindlemire/graft/engine.go:255.16,257.3 1 1
github.com/grindlemire/graft/engine.go:259.2,260.40 2 1
github.com/grindlemire/graft/engine.go:260.40,262.3 1 0
github.com/grindlemire/graft/engine.go:263.2,263.28 1 1
github.com/grindlemire/graft/engine.go:267.79,271.30 3 1
github.com/grindlemire/graft/engine.go:271.30,272.40 1 1
github.com/grindlemire/graft/engine.go:272.40,274.4 1 1
github.com/grindlemire/graft/engine.go:276.3,277.10 2 1
github.com/grindlemire/graft/engine.go:277.10,279.4 1 1
github.com/grindlemire/graft/engine.go:281.3,283.35 2 1
github.com/grindlemire/graft/engine.go:283.35,284.39 1 1
github.com/grindlemire/graft/engine.go:284.39,286.5 1 0
github.com/grindlemire/graft/engine.go:288.3,288.13 1 1
github.com/grindlemire/graft/engine.go:291.2,291.29 1 1
github.com/grindlemire/graft/engine.go:291.29,292.37 1 1
github.com/grindlemire/graft/engine.go:292.37,294.4 1 1
github.com/grindlemire/graft/engine.go:297.2,297.20 1 1
github.com/grindlemire/graft/engine.go:309.56,316.2 1 1
github.com/grindlemire/graft/engine.go:318.49,320.16 2 1
github.com/grindlemire/graft/engine.go:320.16,322.3 1 1
github.com/grindlemire/graft/engine.go:324.2,324.31 1 1
github.com/grindlemire/graft/engine.go:324.31,325.35 1 1
github.com/grindlemire/graft/engine.go:325.35,327.4 1 1
github.com/grindlemire/graft/engine.go:329.3,329.48 1 1
github.com/grindlemire/graft/engine.go:329.48,331.4 1 1
github.com/grindlemire/graft/engine.go:334.2,334.12 1 1
github.com/grindlemire/graft/engine.go:337.66,341.27 3 1
github.com/grindlemire/graft/engine.go:341.27,343.22 2 1
github.com/grindlemire/graft/engine.go:343.22,350.16 4 1
github.com/grindlemire/graft/engine.go:350.16,351.64 1 1
github.com/grindlemire/graft/engine.go:351.64,354.6 2 0
github.com/grindlemire/graft/engine.go:354.11,354.21 1 1
github.com/grindlemire/graft/engine.go:354.21,359.6 4 1
github.com/grindlemire/graft/engine.go:363.4,369.18 5 1
github.com/grindlemire/graft/engine.go:369.18,372.5 2 1
github.com/grindlemire/graft/engine.go:375.4,375.16 1 1
github.com/grindlemire/graft/engine.go:375.16,376.60 1 1
github.com/grindlemire/graft/engine.go:376.60,379.6 2 0
github.com/grindlemire/graft/engine.go:383.4,385.17 3 1
github.com/grindlemire/graft/engine.go:389.2,393.32 3 1
github.com/grindlemire/graft/engine.go:393.32,395.3 1 1
github.com/grindlemire/graft/engine.go:397.2,397.12 1 1
github.com/grindlemire/graft/engine.go:400.40,402.30 2 1
github.com/grindlemire/graft/engine.go:402.30,404.3 1 1
github.com/grindlemire/graft/engine.go:405.2,405.11 1 1
github.com/grindlemire/graft/graft.go:131.66,133.2 1 1
github.com/grindlemire/graft/graft.go:136.54,139.2 2 1
github.com/grindlemire/graft/graft.go:162.49,166.9 3 1
github.com/grindlemire/graft/graft.go:166.9,168.3 1 1
github.com/grindlemire/graft/graft.go:170.2,171.9 2 1
github.com/grindlemire/graft/graft.go:171.9,173.3 1 1
github.com/grindlemire/graft/graft.go:175.2,176.9 2 1
github.com/grindlemire/graft/graft.go:176.9,178.3 1 1
github.com/grindlemire/graft/graft.go:180.2,181.9 2 1
github.com/grindlemire/graft/graft.go:181.9,183.3 1 1
github.com/grindlemire/graft/graft.go:185.2,185.19 1 1
github.com/grindlemire/graft/graft.go:203.42,207.9 3 1
github.com/grindlemire/graft/graft.go:207.9,209.3 1 1
github.com/grindlemire/graft/graft.go:211.2,212.9 2 1
github.com/grindlemire/graft/graft.go:212.9,214.3 1 1
github.com/grindlemire/graft/graft.go:216.2,217.9 2 1
github.com/grindlemire/graft/graft.go:217.9,219.3 1 1
github.com/grindlemire/graft/graft.go:221.2,221.19 1 1
github.com/grindlemire/graft/graft.go:226.64,230.9 3 1
github.com/grindlemire/graft/graft.go:230.9,232.3 1 1
github.com/grindlemire/graft/graft.go:234.2,235.9 2 1
github.com/grindlemire/graft/graft.go:235.9,237.3 1 1
github.com/grindlemire/graft/graft.go:239.2,240.9 2 1
github.com/grindlemire/graft/graft.go:240.9,242.3 1 1
github.com/grindlemire/graft/graft.go:244.2,244.19 1 1
github.com/grindlemire/graft/graph.go:10.52,12.27 2 1
github.com/grindlemire/graft/graph.go:12.27,14.3 1 1
github.com/grindlemire/graft/graph.go:16.2,16.28 1 1
github.com/grindlemire/graft/graph.go:16.28,19.3 2 1
github.com/grindlemire/graft/graph.go:21.2,22.16 2 1
github.com/grindlemire/graft/graph.go:22.16,24.3 1 1
github.com/grindlemire/graft/graph.go:26.2,30.12 4 1
github.com/grindlemire/graft/graph.go:34.54,36.27 2 1
github.com/grindlemire/graft/graph.go:36.27,38.3 1 1
github.com/grindlemire/graft/graph.go:40.2,42.28 2 1
github.com/grindlemire/graft/graph.go:42.28,44.3 1 1
github.com/grindlemire/graft/graph.go:46.2,46.34 1 1
github.com/grindlemire/graft/graph.go:46.34,47.35 1 1
github.com/grindlemire/graft/graph.go:47.35,49.4 1 1
github.com/grindlemire/graft/graph.go:52.2,52.34 1 1
github.com/grindlemire/graft/graph.go:52.34,53.18 1 1
github.com/grindlemire/graft/graph.go:53.18,55.4 1 1
github.com/grindlemire/graft/graph.go:58.2,58.12 1 1
github.com/grindlemire/graft/graph.go:64.56,66.24 2 1
github.com/grindlemire/graft/graph.go:66.24,68.3 1 1
github.com/grindlemire/graft/graph.go:70.2,70.26 1 1
github.com/grindlemire/graft/graph.go:70.26,71.35 1 1
github.com/grindlemire/graft/graph.go:71.35,72.40 1 1
github.com/grindlemire/graft/graph.go:72.40,74.5 1 1
github.com/grindlemire/graft/graph.go:76.3,76.36 1 1
github.com/grindlemire/graft/graph.go:79.2,80.26 2 1
github.com/grindlemire/graft/graph.go:80.26,81.35 1 1
github.com/grindlemire/graft/graph.go:81.35,83.4 1 1
github.com/grindlemire/graft/graph.go:86.2,87.35 2 1
github.com/grindlemire/graft/graph.go:87.35,88.18 1 1
github.com/grindlemire/graft/graph.go:88.18,90.4 1 1
github.com/grindlemire/graft/graph.go:93.2,96.28 3 1
github.com/grindlemire/graft/graph.go:96.28,98.48 1 1
github.com/grindlemire/graft/graph.go:98.48,100.4 1 1
github.com/grindlemire/graft/graph.go:101.3,105.35 4 1
github.com/grindlemire/graft/graph.go:105.35,106.45 1 1
github.com/grindlemire/graft/graph.go:106.45,108.33 2 1
github.com/grindlemire/graft/graph.go:108.33,110.6 1 1
github.com/grindlemire/graft/graph.go:113.3,113.27 1 1
github.com/grindlemire/graft/graph.go:116.2,116.29 1 1
github.com/grindlemire/graft/graph.go:116.29,118.3 1 1
github.com/grindlemire/graft/graph.go:120.2,120.20 1 1
github.com/grindlemire/graft/graph_renderer.go:63.72,70.2 1 1
github.com/grindlemire/graft/graph_renderer.go:72.42,77.2 4 1
github.com/grindlemire/graft/graph_renderer.go:80.42,83.27 2 1
github.com/grindlemire/graft/graph_renderer.go:83.27,85.29 2 1
github.com/grindlemire/graft/graph_renderer.go:85.29,87.4 1 1
github.com/grindlemire/graft/graph_renderer.go:88.3,89.16 2 1
github.com/grindlemire/graft/graph_renderer.go:89.16,91.4 1 1
github.com/grindlemire/graft/graph_renderer.go:92.3,92.25 1 1
github.com/grindlemire/graft/graph_renderer.go:96.2,103.41 4 1
github.com/grindlemire/graft/graph_renderer.go:103.41,107.47 3 1
github.com/grindlemire/graft/graph_renderer.go:107.47,109.4 1 1
github.com/grindlemire/graft/graph_renderer.go:112.3,112.71 1 1
github.com/grindlemire/graft/graph_renderer.go:116.2,117.31 2 1
github.com/grindlemire/graft/graph_renderer.go:117.31,121.31 4 1
github.com/grindlemire/graft/graph_renderer.go:121.31,123.27 2 1
github.com/grindlemire/graft/graph_renderer.go:123.27,125.5 1 1
github.com/grindlemire/graft/graph_renderer.go:127.3,127.41 1 1
github.com/grindlemire/graft/graph_renderer.go:127.41,129.4 1 1
github.com/grindlemire/graft/graph_renderer.go:133.2,134.36 2 1
github.com/grindlemire/graft/graph_renderer.go:134.36,135.28 1 1
github.com/grindlemire/graft/graph_renderer.go:135.28,137.4 1 1
github.com/grindlemire/graft/graph_renderer.go:141.2,145.31 4 1
github.com/grindlemire/graft/graph_renderer.go:145.31,154.31 5 1
github.com/grindlemire/graft/graph_renderer.go:154.31,156.27 2 1
github.com/grindlemire/graft/graph_renderer.go:156.27,158.5 1 1
github.com/grindlemire/graft/graph_renderer.go:162.3,164.19 3 1
github.com/grindlemire/graft/graph_renderer.go:164.19,166.4 1 0
github.com/grindlemire/graft/graph_renderer.go:169.3,170.31 2 1
github.com/grindlemire/graft/graph_renderer.go:170.31,176.4 2 1
github.com/grindlemire/graft/graph_renderer.go:179.3,179.22 1 1
github.com/grindlemire/graft/graph_renderer.go:179.22,181.4 1 1
github.com/grindlemire/graft/graph_renderer.go:182.3,185.17 2 1
github.com/grindlemire/graft/graph_renderer.go:189.2,190.25 2 1
github.com/grindlemire/graft/graph_renderer.go:190.25,192.29 2 1
github.com/grindlemire/graft/graph_renderer.go:192.29,194.4 1 1
github.com/grindlemire/graft/graph_renderer.go:199.38,200.40 1 1
github.com/grindlemire/graft/graph_renderer.go:200.40,202.29 2 1
github.com/grindlemire/graft/graph_renderer.go:202.29,204.4 1 1
github.com/grindlemire/graft/graph_renderer.go:205.3,210.32 3 1
github.com/grindlemire/graft/graph_renderer.go:210.32,212.4 1 1
github.com/grindlemire/graft/graph_renderer.go:213.3,217.29 3 1
github.com/grindlemire/graft/graph_renderer.go:217.29,219.4 1 1
github.com/grindlemire/graft/graph_renderer.go:220.3,226.32 5 1
github.com/grindlemire/graft/graph_renderer.go:226.32,228.4 1 1
github.com/grindlemire/graft/graph_renderer.go:229.3,229.48 1 1
github.com/grindlemire/graft/graph_renderer.go:236.38,241.2 4 1
github.com/grindlemire/graft/graph_renderer.go:244.54,246.30 2 1
github.com/grindlemire/graft/graph_renderer.go:246.30,247.35 1 1
github.com/grindlemire/graft/graph_renderer.go:247.35,249.4 1 1
github.com/grindlemire/graft/graph_renderer.go:251.2,251.17 1 1
github.com/grindlemire/graft/graph_renderer.go:255.82,257.32 2 1
github.com/grindlemire/graft/graph_renderer.go:257.32,259.42 1 1
github.com/grindlemire/graft/graph_renderer.go:259.42,260.29 1 1
github.com/grindlemire/graft/graph_renderer.go:260.29,261.22 1 1
github.com/grindlemire/graft/graph_renderer.go:261.22,263.11 2 1
github.com/grindlemire/graft/graph_renderer.go:268.2,268.24 1 1
github.com/grindlemire/graft/graph_renderer.go:272.121,275.52 2 1
github.com/grindlemire/graft/graph_renderer.go:275.52,277.35 2 1
github.com/grindlemire/graft/graph_renderer.go:277.35,279.4 1 1
github.com/grindlemire/graft/graph_renderer.go:280.3,282.11 3 1
github.com/grindlemire/graft/graph_renderer.go:286.2,286.50 1 1
github.com/grindlemire/graft/graph_renderer.go:286.50,289.26 2 1
github.com/grindlemire/graft/graph_renderer.go:289.26,290.12 1 0
github.com/grindlemire/graft/graph_renderer.go:294.3,295.36 2 1
github.com/grindlemire/graft/graph_renderer.go:295.36,296.47 1 1
github.com/grindlemire/graft/graph_renderer.go:296.47,298.5 1 1
github.com/grindlemire/graft/graph_renderer.go:302.3,302.38 1 1
github.com/grindlemire/graft/graph_renderer.go:302.38,304.4 1 1
github.com/grindlemire/graft/graph_renderer.go:307.2,307.19 1 1
github.com/grindlemire/graft/graph_renderer.go:317.3,320.35 2 1
github.com/grindlemire/graft/graph_renderer.go:320.35,321.41 1 1
github.com/grindlemire/graft/graph_renderer.go:321.41,322.23 1 1
github.com/grindlemire/graft/graph_renderer.go:322.23,324.10 2 1
github.com/grindlemire/graft/graph_renderer.go:329.2,329.30 1 1
github.com/grindlemire/graft/graph_renderer.go:329.30,331.3 1 0
github.com/grindlemire/graft/graph_renderer.go:333.2,345.35 8 1
github.com/grindlemire/graft/graph_renderer.go:345.35,348.3 1 0
github.com/grindlemire/graft/graph_renderer.go:351.2,351.59 1 1
github.com/grindlemire/graft/graph_renderer.go:351.59,353.3 1 1
github.com/grindlemire/graft/graph_renderer.go:355.2,359.41 3 1
github.com/grindlemire/graft/graph_renderer.go:359.41,362.3 2 1
github.com/grindlemire/graft/graph_renderer.go:365.2,367.32 3 1
github.com/grindlemire/graft/graph_renderer.go:367.32,368.19 1 1
github.com/grindlemire/graft/graph_renderer.go:368.19,370.4 1 1
github.com/grindlemire/graft/graph_renderer.go:371.3,371.19 1 1
github.com/grindlemire/graft/graph_renderer.go:371.19,373.4 1 1
github.com/grindlemire/graft/graph_renderer.go:377.2,377.42 1 1
github.com/grindlemire/graft/graph_renderer.go:377.42,379.3 1 1
github.com/grindlemire/graft/graph_renderer.go:382.2,382.32 1 1
github.com/grindlemire/graft/graph_renderer.go:382.32,387.49 2 1
github.com/grindlemire/graft/graph_renderer.go:387.49,389.4 1 1
github.com/grindlemire/graft/graph_renderer.go:391.3,391.35 1 1
github.com/grindlemire/graft/graph_renderer.go:395.2,395.41 1 1
github.com/grindlemire/graft/graph_renderer.go:395.41,401.53 4 1
github.com/grindlemire/graft/graph_renderer.go:401.53,403.4 1 0
github.com/grindlemire/graft/graph_renderer.go:408.77,411.39 2 1
github.com/grindlemire/graft/graph_renderer.go:411.39,415.3 3 1
github.com/grindlemire/graft/graph_renderer.go:418.2,418.42 1 1
github.com/grindlemire/graft/graph_renderer.go:418.42,420.23 1 1
github.com/grindlemire/graft/graph_renderer.go:420.23,421.12 1 1
github.com/grindlemire/graft/graph_renderer.go:424.3,424.48 1 1
github.com/grindlemire/graft/graph_renderer.go:424.48,428.44 2 1
github.com/grindlemire/graft/graph_renderer.go:428.44,429.13 1 1
github.com/grindlemire/graft/graph_renderer.go:433.4,444.63 9 1
github.com/grindlemire/graft/graph_renderer.go:444.63,447.5 2 1
github.com/grindlemire/graft/graph_renderer.go:450.4,451.24 2 1
github.com/grindlemire/graft/graph_renderer.go:451.24,453.5 1 1
github.com/grindlemire/graft/graph_renderer.go:459.39,460.11 1 1
github.com/grindlemire/graft/graph_renderer.go:461.55,462.14 1 1
github.com/grindlemire/graft/graph_renderer.go:464.2,464.14 1 1
github.com/grindlemire/graft/graph_renderer.go:468.41,469.11 1 1
github.com/grindlemire/graft/graph_renderer.go:470.76,471.14 1 1
github.com/grindlemire/graft/graph_renderer.go:473.2,473.14 1 1
github.com/grindlemire/graft/graph_renderer.go:477.79,478.9 1 1
github.com/grindlemire/graft/graph_renderer.go:479.35,480.15 1 1
github.com/grindlemire/graft/graph_renderer.go:481.36,482.15 1 0
github.com/grindlemire/graft/graph_renderer.go:483.36,484.15 1 0
github.com/grindlemire/graft/graph_renderer.go:485.37,486.15 1 1
github.com/grindlemire/graft/graph_renderer.go:487.36,488.15 1 1
github.com/grindlemire/graft/graph_renderer.go:489.37,490.15 1 1
github.com/grindlemire/graft/graph_renderer.go:491.37,492.15 1 1
github.com/grindlemire/graft/graph_renderer.go:493.38,494.15 1 0
github.com/grindlemire/graft/graph_renderer.go:495.36,496.15 1 1
github.com/grindlemire/graft/graph_renderer.go:497.37,498.15 1 1
github.com/grindlemire/graft/graph_renderer.go:499.37,500.15 1 1
github.com/grindlemire/graft/graph_renderer.go:501.38,502.15 1 1
github.com/grindlemire/graft/graph_renderer.go:503.37,504.15 1 1
github.com/grindlemire/graft/graph_renderer.go:505.38,506.15 1 1
github.com/grindlemire/graft/graph_renderer.go:507.38,508.15 1 0
github.com/grindlemire/graft/graph_renderer.go:509.10,510.13 1 0
github.com/grindlemire/graft/graph_renderer.go:515.57,517.28 2 1
github.com/grindlemire/graft/graph_renderer.go:517.28,519.3 1 0
github.com/grindlemire/graft/graph_renderer.go:520.2,521.18 2 1
github.com/grindlemire/graft/graph_renderer.go:525.59,526.75 1 1
github.com/grindlemire/graft/graph_renderer.go:526.75,528.3 1 1
github.com/grindlemire/graft/graph_renderer.go:531.53,532.75 1 1
github.com/grindlemire/graft/graph_renderer.go:532.75,534.3 1 1
github.com/grindlemire/graft/graph_renderer.go:535.2,535.12 1 0
github.com/grindlemire/graft/graph_renderer.go:538.60,539.22 1 1
github.com/grindlemire/graft/graph_renderer.go:539.22,541.3 1 1
github.com/grindlemire/graft/graph_renderer.go:544.48,546.30 2 1
github.com/grindlemire/graft/graph_renderer.go:546.30,549.17 2 1
github.com/grindlemire/graft/graph_renderer.go:549.17,552.4 2 1
github.com/grindlemire/graft/graph_renderer.go:554.2,554.20 1 1
github.com/grindlemire/graft/registry.go:48.33,49.41 1 1
github.com/grindlemire/graft/registry.go:49.41,50.63 1 1
github.com/grindlemire/graft/registry.go:54.2,57.47 1 1
github.com/grindlemire/graft/registry.go:57.47,59.4 1 1
github.com/grindlemire/graft/registry.go:64.2,64.28 1 1
github.com/grindlemire/graft/registry.go:76.29,78.29 2 1
github.com/grindlemire/graft/registry.go:78.29,80.3 1 1
github.com/grindlemire/graft/registry.go:81.2,81.11 1 1
github.com/grindlemire/graft/registry.go:86.22,87.26 1 1
github.com/grindlemire/graft/registry.go:87.26,89.3 1 1
github.com/grindlemire/graft/registry.go:90.2,90.26 1 1
github.com/grindlemire/graft/registry.go:90.26,92.3 1 1
github.com/grindlemire/graft/testing.go:21.40,22.29 1 1
github.com/grindlemire/graft/testing.go:22.29,22.49 1 1
github.com/grindlemire/graft/testing.go:27.38,28.29 1 1
github.com/grindlemire/graft/testing.go:28.29,28.47 1 1
github.com/grindlemire/graft/testing.go:64.70,68.27 3 1
github.com/grindlemire/graft/testing.go:68.27,70.3 1 1
github.com/grindlemire/graft/testing.go:73.2,73.15 1 1
github.com/grindlemire/graft/testing.go:73.15,75.16 2 1
github.com/grindlemire/graft/testing.go:75.16,77.4 1 1
github.com/grindlemire/graft/testing.go:80.2,81.16 2 1
github.com/grindlemire/graft/testing.go:81.16,83.3 1 1
github.com/grindlemire/graft/testing.go:86.2,86.17 1 1
github.com/grindlemire/graft/testing.go:86.17,88.29 2 1
github.com/grindlemire/graft/testing.go:88.29,101.21 11 1
github.com/grindlemire/graft/testing.go:101.21,104.5 2 1
github.com/grindlemire/graft/testing.go:104.10,106.5 1 1
github.com/grindlemire/graft/testing.go:108.3,108.136 1 1
github.com/grindlemire/graft/testing.go:111.2,112.28 2 1
github.com/grindlemire/graft/testing.go:112.28,113.21 1 1
github.com/grindlemire/graft/testing.go:113.21,114.12 1 1
github.com/grindlemire/graft/testing.go:117.3,121.28 3 1
github.com/grindlemire/graft/testing.go:121.28,122.37 1 1
github.com/grindlemire/graft/testing.go:122.37,124.5 1 1
github.com/grindlemire/graft/testing.go:126.3,126.24 1 1
github.com/grindlemire/graft/testing.go:126.24,127.33 1 1
github.com/grindlemire/graft/testing.go:127.33,129.5 1 1
github.com/grindlemire/graft/testing.go:133.2,133.49 1 1
github.com/grindlemire/graft/testing.go:133.49,135.3 1 1
github.com/grindlemire/graft/testing.go:154.61,156.2 1 1
